<?xml version="1.0" encoding="UTF-8"?>
<!-- Generated by org.testng.reporters.JUnitReportReporter -->
<testsuite hostname="DESKTOP-IPSR5N9" failures="0" tests="7" name="TestCalci" time="0.016" errors="0" timestamp="2021-09-28T23:55:52 IST" skipped="0">
  <testcase classname="TestCalci" name="supportDifferentDelimiterSum" time="0.002"/>
  <system-out/>
  <testcase classname="TestCalci" name="twoNumbersCommaDelimitedSum" time="0.001"/>
  <system-out/>
  <testcase classname="TestCalci" name="ignoreNumbersGreaterthan1000Sum" time="0.001"/>
  <system-out/>
  <testcase classname="TestCalci" name="twoNumbersBothWaysSum" time="0.001"/>
  <system-out/>
  <testcase classname="TestCalci" name="emptyStringReturnsZeroSum" time="0.008"/>
  <system-out/>
  <testcase classname="TestCalci" name="threeNumbersDelimiterSum" time="0.001"/>
  <system-out/>
  <testcase classname="TestCalci" name="twoNumbersNewLineDelimitedSum" time="0.002"/>
  <system-out/>
</testsuite> <!-- TestCalci -->
